<?xml version="1.0" encoding="UTF-8"?>
<testng-results skipped="0" failed="0" ignored="0" total="2" passed="2">
  <reporter-output>
  </reporter-output>
  <suite name="Default suite" duration-ms="52318" started-at="2019-10-17T05:06:01Z" finished-at="2019-10-17T05:06:53Z">
    <groups>
    </groups>
    <test name="Default test" duration-ms="52318" started-at="2019-10-17T05:06:01Z" finished-at="2019-10-17T05:06:53Z">
      <class name="com.fca.prod.jeep.testCases.brochurePageTest">
        <test-method status="PASS" signature="setUp()[pri:0, instance:com.fca.prod.jeep.testCases.brochurePageTest@5622fdf]" name="setUp" is-config="true" duration-ms="26445" started-at="2019-10-17T05:06:01Z" finished-at="2019-10-17T05:06:28Z">
          <reporter-output>
          </reporter-output>
        </test-method> <!-- setUp -->
        <test-method status="PASS" signature="verifyBrochureDetails(java.lang.String, java.lang.String, java.lang.String, java.lang.String, java.lang.String)[pri:2, instance:com.fca.prod.jeep.testCases.brochurePageTest@5622fdf]" name="verifyBrochureDetails" duration-ms="1241" started-at="2019-10-17T05:06:28Z" data-provider="getJeepTestData" finished-at="2019-10-17T05:06:29Z">
          <params>
            <param index="0">
              <value>
                <![CDATA[Peter]]>
              </value>
            </param>
            <param index="1">
              <value>
                <![CDATA[Parker]]>
              </value>
            </param>
            <param index="2">
              <value>
                <![CDATA[peter@parker.com]]>
              </value>
            </param>
            <param index="3">
              <value>
                <![CDATA[8756934567]]>
              </value>
            </param>
            <param index="4">
              <value>
                <![CDATA[100038.0]]>
              </value>
            </param>
          </params>
          <reporter-output>
          </reporter-output>
        </test-method> <!-- verifyBrochureDetails -->
        <test-method status="PASS" signature="teardown()[pri:0, instance:com.fca.prod.jeep.testCases.brochurePageTest@5622fdf]" name="teardown" is-config="true" duration-ms="832" started-at="2019-10-17T05:06:29Z" finished-at="2019-10-17T05:06:30Z">
          <reporter-output>
          </reporter-output>
        </test-method> <!-- teardown -->
        <test-method status="PASS" signature="setUp()[pri:0, instance:com.fca.prod.jeep.testCases.brochurePageTest@5622fdf]" name="setUp" is-config="true" duration-ms="21292" started-at="2019-10-17T05:06:30Z" finished-at="2019-10-17T05:06:51Z">
          <reporter-output>
          </reporter-output>
        </test-method> <!-- setUp -->
        <test-method status="PASS" signature="verifyBrochureDetails(java.lang.String, java.lang.String, java.lang.String, java.lang.String, java.lang.String)[pri:2, instance:com.fca.prod.jeep.testCases.brochurePageTest@5622fdf]" name="verifyBrochureDetails" duration-ms="1081" started-at="2019-10-17T05:06:51Z" data-provider="getJeepTestData" finished-at="2019-10-17T05:06:52Z">
          <params>
            <param index="0">
              <value>
                <![CDATA[Tom]]>
              </value>
            </param>
            <param index="1">
              <value>
                <![CDATA[Parker]]>
              </value>
            </param>
            <param index="2">
              <value>
                <![CDATA[Tom@parker.com]]>
              </value>
            </param>
            <param index="3">
              <value>
                <![CDATA[8756934567]]>
              </value>
            </param>
            <param index="4">
              <value>
                <![CDATA[100038.0]]>
              </value>
            </param>
          </params>
          <reporter-output>
          </reporter-output>
        </test-method> <!-- verifyBrochureDetails -->
        <test-method status="PASS" signature="teardown()[pri:0, instance:com.fca.prod.jeep.testCases.brochurePageTest@5622fdf]" name="teardown" is-config="true" duration-ms="789" started-at="2019-10-17T05:06:52Z" finished-at="2019-10-17T05:06:53Z">
          <reporter-output>
          </reporter-output>
        </test-method> <!-- teardown -->
      </class> <!-- com.fca.prod.jeep.testCases.brochurePageTest -->
    </test> <!-- Default test -->
  </suite> <!-- Default suite -->
</testng-results>
