<?xml version="1.0" encoding="UTF-8"?>
<!-- Generated by org.testng.reporters.JUnitXMLReporter -->
<testsuite hostname="WKWIN5037064" ignored="0" name="Test" tests="8" failures="1" timestamp="26 Aug 2019 04:03:17 GMT" time="170.102" errors="0">
  <testcase name="registerNewUser" time="9.346" classname="com.fca.prod.jeep.testCases.loginPageTest"/>
  <testcase name="verifyTitle" time="0.01" classname="com.fca.prod.jeep.testCases.loginPageTest"/>
  <testcase name="verifyHomePageTitle" time="0.016" classname="com.fca.prod.jeep.testCases.homePageTest"/>
  <testcase name="verifyBrochureTitle" time="0.037" classname="com.fca.prod.jeep.testCases.brochurePageTest"/>
  <testcase name="verifyJeepLogo" time="0.009" classname="com.fca.prod.jeep.testCases.homePageTest">
    <failure type="org.openqa.selenium.NoSuchSessionException" message="Session ID is null. Using WebDriver after calling quit()?
Build info: version: &amp;apos;3.141.59&amp;apos;, revision: &amp;apos;e82be7d358&amp;apos;, time: &amp;apos;2018-11-14T08:17:03&amp;apos;
System info: host: &amp;apos;WKWIN5037064&amp;apos;, ip: &amp;apos;192.168.225.194&amp;apos;, os.name: &amp;apos;Windows 10&amp;apos;, os.arch: &amp;apos;amd64&amp;apos;, os.version: &amp;apos;10.0&amp;apos;, java.version: &amp;apos;1.8.0_201&amp;apos;
Driver info: driver.version: RemoteWebDriver">
      <![CDATA[org.openqa.selenium.NoSuchSessionException: Session ID is null. Using WebDriver after calling quit()?
Build info: version: '3.141.59', revision: 'e82be7d358', time: '2018-11-14T08:17:03'
System info: host: 'WKWIN5037064', ip: '192.168.225.194', os.name: 'Windows 10', os.arch: 'amd64', os.version: '10.0', java.version: '1.8.0_201'
Driver info: driver.version: RemoteWebDriver
at org.openqa.selenium.remote.HttpCommandExecutor.execute(HttpCommandExecutor.java:125)
at org.openqa.selenium.remote.service.DriverCommandExecutor.execute(DriverCommandExecutor.java:83)
at org.openqa.selenium.remote.RemoteWebDriver.execute(RemoteWebDriver.java:552)
at org.openqa.selenium.remote.RemoteWebDriver.findElement(RemoteWebDriver.java:323)
at org.openqa.selenium.remote.RemoteWebDriver.findElementByXPath(RemoteWebDriver.java:428)
at org.openqa.selenium.By$ByXPath.findElement(By.java:353)
at org.openqa.selenium.remote.RemoteWebDriver.findElement(RemoteWebDriver.java:315)
at org.openqa.selenium.support.pagefactory.DefaultElementLocator.findElement(DefaultElementLocator.java:69)
at org.openqa.selenium.support.pagefactory.internal.LocatingElementHandler.invoke(LocatingElementHandler.java:38)
at com.sun.proxy.$Proxy11.isDisplayed(Unknown Source)
at com.fca.prod.jeep.pages.homePage.JeepLogo(homePage.java:80)
at com.fca.prod.jeep.testCases.homePageTest.verifyJeepLogo(homePageTest.java:34)
... Removed 25 stack frames]]>
    </failure>
  </testcase> <!-- verifyJeepLogo -->
  <testcase name="verifyBrochureDetails" time="2.026" classname="com.fca.prod.jeep.testCases.brochurePageTest"/>
  <testcase name="verifyBrochureDetails" time="1.283" classname="com.fca.prod.jeep.testCases.brochurePageTest"/>
  <testcase name="signInLink" time="2.318" classname="com.fca.prod.jeep.testCases.homePageTest"/>
</testsuite> <!-- Test -->
