<?xml version="1.0" encoding="UTF-8"?>
<!-- Generated by org.testng.reporters.JUnitXMLReporter -->
<testsuite hostname="WKWIN5037064" ignored="0" name="Default test" tests="2" failures="0" timestamp="17 Oct 2019 05:06:53 GMT" time="52.318" errors="0">
  <testcase name="verifyBrochureDetails" time="1.241" classname="com.fca.prod.jeep.testCases.brochurePageTest"/>
  <testcase name="verifyBrochureDetails" time="1.081" classname="com.fca.prod.jeep.testCases.brochurePageTest"/>
</testsuite> <!-- Default test -->
